<?xml version="1.0" encoding="UTF-8"?>
<!-- Generated by org.testng.reporters.JUnitXMLReporter -->
<testsuite hostname="LAPTOP-IAQHS7UT" ignored="0" name="Default test" tests="4" failures="0" timestamp="23 Apr 2022 18:05:46 GMT" time="2.605" errors="0">
  <testcase name="create_New_Product" time="1.341" classname="testCases.DeleteProduct"/>
  <testcase name="read_All_Products" time="0.615" classname="testCases.DeleteProduct"/>
  <testcase name="delete_Product" time="0.312" classname="testCases.DeleteProduct"/>
  <testcase name="read_Deleted_Product" time="0.323" classname="testCases.DeleteProduct"/>
</testsuite> <!-- Default test -->
