<?xml version="1.0" encoding="UTF-8"?>
<testng-results skipped="0" failed="0" ignored="0" total="1" passed="1">
  <reporter-output>
  </reporter-output>
  <suite name="Default suite" duration-ms="2406" started-at="2022-04-14T04:43:33Z" finished-at="2022-04-14T04:43:36Z">
    <groups>
    </groups>
    <test name="Default test" duration-ms="2406" started-at="2022-04-14T04:43:33Z" finished-at="2022-04-14T04:43:36Z">
      <class name="testCases.ReadAllProducts">
        <test-method status="PASS" signature="read_All_Products()[pri:0, instance:testCases.ReadAllProducts@2890c451]" name="read_All_Products" duration-ms="2384" started-at="2022-04-14T04:43:34Z" finished-at="2022-04-14T04:43:36Z">
          <reporter-output>
          </reporter-output>
        </test-method> <!-- read_All_Products -->
      </class> <!-- testCases.ReadAllProducts -->
    </test> <!-- Default test -->
  </suite> <!-- Default suite -->
</testng-results>
